<?xml version="1.0" encoding="UTF-8"?>
<testng-results ignored="0" total="1" passed="1" failed="0" skipped="0">
  <reporter-output>
  </reporter-output>
  <suite started-at="2022-03-02T00:44:43 BDT" name="contosoUniversity" finished-at="2022-03-02T00:44:53 BDT" duration-ms="9835">
    <groups>
    </groups>
    <test started-at="2022-03-02T00:44:43 BDT" name="Contoso University Test" finished-at="2022-03-02T00:44:53 BDT" duration-ms="9835">
      <class name="com.cu.testCases.IndexPageTest">
        <test-method is-config="true" signature="setup(java.lang.String)[pri:0, instance:com.cu.testCases.IndexPageTest@67a20f67]" started-at="2022-03-02T00:44:43 BDT" name="setup" finished-at="2022-03-02T00:44:46 BDT" duration-ms="3111" status="PASS">
          <params>
            <param index="0">
              <value>
                <![CDATA[chrome]]>
              </value>
            </param>
          </params>
          <reporter-output>
          </reporter-output>
        </test-method> <!-- setup -->
        <test-method signature="verifyIndexPageTitle()[pri:1, instance:com.cu.testCases.IndexPageTest@67a20f67]" started-at="2022-03-02T00:44:46 BDT" name="verifyIndexPageTitle" finished-at="2022-03-02T00:44:52 BDT" duration-ms="5062" status="PASS">
          <reporter-output>
          </reporter-output>
        </test-method> <!-- verifyIndexPageTitle -->
        <test-method is-config="true" signature="tearDown()[pri:0, instance:com.cu.testCases.IndexPageTest@67a20f67]" started-at="2022-03-02T00:44:52 BDT" name="tearDown" finished-at="2022-03-02T00:44:53 BDT" duration-ms="1296" status="PASS">
          <reporter-output>
          </reporter-output>
        </test-method> <!-- tearDown -->
      </class> <!-- com.cu.testCases.IndexPageTest -->
    </test> <!-- Contoso University Test -->
  </suite> <!-- contosoUniversity -->
</testng-results>
